[2021-08-02 20:09:41.176] [cli] [info] CLI main {"_":[],"diff":false,"add":false,"goto":false,"new-window":false,"reuse-window":false,"wait":false,"help":false,"list-extensions":false,"show-versions":false,"install-extension":["donjayamanne.python-extension-pack"],"version":false,"verbose":false,"status":false,"prof-startup":false,"no-cached-data":false,"prof-v8-extensions":false,"disable-extensions":false,"disable-gpu":false,"telemetry":false,"debugRenderer":false,"logExtensionHostCommunication":false,"skip-release-notes":false,"skip-welcome":false,"disable-telemetry":false,"disable-updates":false,"disable-keytar":false,"disable-workspace-trust":false,"disable-crash-reporter":false,"skip-add-to-recently-opened":false,"unity-launch":false,"open-url":false,"file-write":false,"file-chmod":false,"driver-verbose":false,"force":false,"do-not-sync":false,"trace":false,"force-user-env":false,"force-disable-user-env":false,"open-devtools":false,"__sandbox":false,"no-proxy-server":false,"no-sandbox":false,"nolazy":false,"force-renderer-accessibility":false,"ignore-certificate-errors":false,"allow-insecure-localhost":false,"logsPath":"/home/vicyos/.config/Code/logs/20210802T200941"}
[2021-08-02 20:09:41.506] [cli] [info] Installing extension: donjayamanne.python-extension-pack
[2021-08-02 20:09:42.407] [cli] [info] Installing extension: visualstudioexptteam.vscodeintellicode
[2021-08-02 20:09:42.407] [cli] [info] Installing extension: batisteo.vscode-django
[2021-08-02 20:09:42.407] [cli] [info] Installing extension: magicstack.magicpython
[2021-08-02 20:09:42.407] [cli] [info] Installing extension: wholroyd.jinja
[2021-08-02 20:09:43.222] [cli] [info] Downloaded extension: batisteo.vscode-django /home/vicyos/.config/Code/CachedExtensionVSIXs/batisteo.vscode-django-1.6.0
[2021-08-02 20:09:43.363] [cli] [info] Downloaded extension: magicstack.magicpython /home/vicyos/.config/Code/CachedExtensionVSIXs/magicstack.magicpython-1.1.0
[2021-08-02 20:09:43.430] [cli] [info] Extracted extension to /home/vicyos/.vscode/extensions/.79a381c4-0222-42cc-a829-164ec3a34029: batisteo.vscode-django
[2021-08-02 20:09:43.538] [cli] [info] Downloaded extension: visualstudioexptteam.vscodeintellicode /home/vicyos/.config/Code/CachedExtensionVSIXs/visualstudioexptteam.vscodeintellicode-1.2.14
[2021-08-02 20:09:43.597] [cli] [info] Renamed to /home/vicyos/.vscode/extensions/batisteo.vscode-django-1.6.0
[2021-08-02 20:09:43.598] [cli] [info] Installation completed. batisteo.vscode-django
[2021-08-02 20:09:43.607] [cli] [info] Extracted extension to /home/vicyos/.vscode/extensions/.f701d917-04a0-4b01-91af-22edb1833aa8: magicstack.magicpython
[2021-08-02 20:09:43.658] [cli] [info] Extensions installed successfully: batisteo.vscode-django
[2021-08-02 20:09:43.681] [cli] [info] Renamed to /home/vicyos/.vscode/extensions/magicstack.magicpython-1.1.0
[2021-08-02 20:09:43.682] [cli] [info] Installation completed. magicstack.magicpython
[2021-08-02 20:09:43.705] [cli] [info] Extensions installed successfully: magicstack.magicpython
[2021-08-02 20:09:43.790] [cli] [info] Downloaded extension: wholroyd.jinja /home/vicyos/.config/Code/CachedExtensionVSIXs/wholroyd.jinja-0.0.8
[2021-08-02 20:09:43.809] [cli] [info] Extracted extension to /home/vicyos/.vscode/extensions/.76b1ecdf-b65a-4076-be3e-7d3d11b4e897: wholroyd.jinja
[2021-08-02 20:09:43.832] [cli] [info] Renamed to /home/vicyos/.vscode/extensions/wholroyd.jinja-0.0.8
[2021-08-02 20:09:43.833] [cli] [info] Installation completed. wholroyd.jinja
[2021-08-02 20:09:43.857] [cli] [info] Extensions installed successfully: wholroyd.jinja
[2021-08-02 20:09:43.896] [cli] [info] Extracted extension to /home/vicyos/.vscode/extensions/.8500a26f-d6fc-47a1-a0f7-230abf0c977c: visualstudioexptteam.vscodeintellicode
[2021-08-02 20:09:43.950] [cli] [info] Renamed to /home/vicyos/.vscode/extensions/visualstudioexptteam.vscodeintellicode-1.2.14
[2021-08-02 20:09:43.950] [cli] [info] Installation completed. visualstudioexptteam.vscodeintellicode
[2021-08-02 20:09:43.975] [cli] [info] Extensions installed successfully: visualstudioexptteam.vscodeintellicode
[2021-08-02 20:09:44.958] [cli] [info] Downloaded extension: donjayamanne.python-extension-pack /home/vicyos/.config/Code/CachedExtensionVSIXs/donjayamanne.python-extension-pack-1.6.0
[2021-08-02 20:09:44.966] [cli] [info] Extracted extension to /home/vicyos/.vscode/extensions/.f3be0ac6-db8a-432f-a899-d9b7342793ff: donjayamanne.python-extension-pack
[2021-08-02 20:09:44.992] [cli] [info] Renamed to /home/vicyos/.vscode/extensions/donjayamanne.python-extension-pack-1.6.0
[2021-08-02 20:09:44.993] [cli] [info] Installation completed. donjayamanne.python-extension-pack
[2021-08-02 20:09:45.018] [cli] [info] Extensions installed successfully: donjayamanne.python-extension-pack
