[2021-08-02 19:54:04.418] [exthost] [info] extension host started
[2021-08-02 19:54:04.418] [exthost] [info] Skipping acquiring lock for /home/vicyos/.config/Code/User/workspaceStorage/a064c12cee025e5a3c6131391755f74d.
[2021-08-02 19:54:04.611] [exthost] [info] ExtensionService#_doActivateExtension vscode.microsoft-authentication {"startup":false,"extensionId":{"value":"vscode.microsoft-authentication","_lower":"vscode.microsoft-authentication"},"activationEvent":"onAuthenticationRequest:microsoft"}
[2021-08-02 19:54:04.611] [exthost] [info] ExtensionService#loadCommonJSModule file:///usr/share/code/resources/app/extensions/microsoft-authentication/dist/extension.js
[2021-08-02 19:54:04.620] [exthost] [info] ExtensionService#_doActivateExtension vscode.debug-auto-launch {"startup":true,"extensionId":{"value":"vscode.debug-auto-launch","_lower":"vscode.debug-auto-launch"},"activationEvent":"*"}
[2021-08-02 19:54:04.620] [exthost] [info] ExtensionService#loadCommonJSModule file:///usr/share/code/resources/app/extensions/debug-auto-launch/dist/extension
[2021-08-02 19:54:04.621] [exthost] [info] ExtensionService#_doActivateExtension vscode.git {"startup":true,"extensionId":{"value":"vscode.github","_lower":"vscode.github"},"activationEvent":"*"}
[2021-08-02 19:54:04.621] [exthost] [info] ExtensionService#loadCommonJSModule file:///usr/share/code/resources/app/extensions/git/dist/main
[2021-08-02 19:54:04.642] [exthost] [info] ExtensionService#_doActivateExtension zhuangtongfa.material-theme {"startup":true,"extensionId":{"value":"zhuangtongfa.material-theme","_lower":"zhuangtongfa.material-theme"},"activationEvent":"*"}
[2021-08-02 19:54:04.642] [exthost] [info] ExtensionService#loadCommonJSModule file:///home/vicyos/.vscode/extensions/zhuangtongfa.material-theme-3.11.2/out/extension.js
[2021-08-02 19:54:04.727] [exthost] [info] ExtensionService#_doActivateExtension vscode.github {"startup":true,"extensionId":{"value":"vscode.github","_lower":"vscode.github"},"activationEvent":"*"}
[2021-08-02 19:54:04.727] [exthost] [info] ExtensionService#loadCommonJSModule file:///usr/share/code/resources/app/extensions/github/dist/extension.js
[2021-08-02 19:54:04.756] [exthost] [info] eager extensions activated
[2021-08-02 19:54:04.781] [exthost] [info] ExtensionService#_doActivateExtension ms-vscode.js-debug {"startup":false,"extensionId":{"value":"ms-vscode.js-debug","_lower":"ms-vscode.js-debug"},"activationEvent":"onCommand:extension.js-debug.clearAutoAttachVariables"}
[2021-08-02 19:54:04.781] [exthost] [info] ExtensionService#loadCommonJSModule file:///usr/share/code/resources/app/extensions/ms-vscode.js-debug/src/extension.js
[2021-08-02 19:54:04.882] [exthost] [info] ExtensionService#_doActivateExtension vscode.emmet {"startup":false,"extensionId":{"value":"vscode.emmet","_lower":"vscode.emmet"},"activationEvent":"onStartupFinished"}
[2021-08-02 19:54:04.882] [exthost] [info] ExtensionService#loadCommonJSModule file:///usr/share/code/resources/app/extensions/emmet/dist/node/emmetNodeMain
[2021-08-02 19:54:04.885] [exthost] [info] ExtensionService#_doActivateExtension vscode.merge-conflict {"startup":false,"extensionId":{"value":"vscode.merge-conflict","_lower":"vscode.merge-conflict"},"activationEvent":"onStartupFinished"}
[2021-08-02 19:54:04.886] [exthost] [info] ExtensionService#loadCommonJSModule file:///usr/share/code/resources/app/extensions/merge-conflict/dist/mergeConflictMain
[2021-08-02 19:54:04.887] [exthost] [info] ExtensionService#_doActivateExtension vscode.testing-editor-contributions {"startup":false,"extensionId":{"value":"vscode.testing-editor-contributions","_lower":"vscode.testing-editor-contributions"},"activationEvent":"onStartupFinished"}
[2021-08-02 19:54:04.887] [exthost] [info] ExtensionService#loadCommonJSModule file:///usr/share/code/resources/app/extensions/testing-editor-contributions/dist/extension.js
[2021-08-02 19:54:04.888] [exthost] [info] ExtensionService#_doActivateExtension CoenraadS.bracket-pair-colorizer-2 {"startup":false,"extensionId":{"value":"CoenraadS.bracket-pair-colorizer-2","_lower":"coenraads.bracket-pair-colorizer-2"},"activationEvent":"onStartupFinished"}
[2021-08-02 19:54:04.888] [exthost] [info] ExtensionService#loadCommonJSModule file:///home/vicyos/.vscode/extensions/coenraads.bracket-pair-colorizer-2-0.2.1/out/src/extension
[2021-08-02 19:54:04.906] [exthost] [info] ExtensionService#_doActivateExtension vscode.github-authentication {"startup":false,"extensionId":{"value":"vscode.github-authentication","_lower":"vscode.github-authentication"},"activationEvent":"onAuthenticationRequest:github"}
[2021-08-02 19:54:04.906] [exthost] [info] ExtensionService#loadCommonJSModule file:///usr/share/code/resources/app/extensions/github-authentication/dist/extension.js
[2021-08-02 20:09:19.174] [exthost] [info] ExtensionService#_doActivateExtension ritwickdey.LiveServer {"startup":false,"extensionId":{"value":"ritwickdey.LiveServer","_lower":"ritwickdey.liveserver"},"activationEvent":"*"}
[2021-08-02 20:09:19.174] [exthost] [info] ExtensionService#loadCommonJSModule file:///home/vicyos/.vscode/extensions/ritwickdey.liveserver-5.6.1/out/src/extension
[2021-08-02 20:09:24.921] [exthost] [info] ExtensionService#_doActivateExtension dbaeumer.vscode-eslint {"startup":false,"extensionId":{"value":"dbaeumer.vscode-eslint","_lower":"dbaeumer.vscode-eslint"},"activationEvent":"onStartupFinished"}
[2021-08-02 20:09:24.921] [exthost] [info] ExtensionService#loadCommonJSModule file:///home/vicyos/.vscode/extensions/dbaeumer.vscode-eslint-2.1.23/client/out/extension
[2021-08-02 20:09:34.279] [exthost] [info] ExtensionService#_doActivateExtension formulahendry.auto-close-tag {"startup":false,"extensionId":{"value":"formulahendry.auto-close-tag","_lower":"formulahendry.auto-close-tag"},"activationEvent":"*"}
[2021-08-02 20:09:34.279] [exthost] [info] ExtensionService#loadCommonJSModule file:///home/vicyos/.vscode/extensions/formulahendry.auto-close-tag-0.5.12/out/src/extension
[2021-08-02 20:09:39.722] [exthost] [info] ExtensionService#_doActivateExtension esbenp.prettier-vscode {"startup":false,"extensionId":{"value":"esbenp.prettier-vscode","_lower":"esbenp.prettier-vscode"},"activationEvent":"onStartupFinished"}
[2021-08-02 20:09:39.722] [exthost] [info] ExtensionService#loadCommonJSModule file:///home/vicyos/.vscode/extensions/esbenp.prettier-vscode-8.1.0/dist/extension
[2021-08-02 20:09:50.862] [exthost] [info] ExtensionService#_doActivateExtension PKief.material-icon-theme {"startup":false,"extensionId":{"value":"PKief.material-icon-theme","_lower":"pkief.material-icon-theme"},"activationEvent":"*"}
[2021-08-02 20:09:50.863] [exthost] [info] ExtensionService#loadCommonJSModule file:///home/vicyos/.vscode/extensions/pkief.material-icon-theme-4.8.0/dist/extension
[2021-08-02 20:09:59.776] [exthost] [info] ExtensionService#_doActivateExtension naumovs.color-highlight {"startup":false,"extensionId":{"value":"naumovs.color-highlight","_lower":"naumovs.color-highlight"},"activationEvent":"*"}
[2021-08-02 20:09:59.776] [exthost] [info] ExtensionService#loadCommonJSModule file:///home/vicyos/.vscode/extensions/naumovs.color-highlight-2.4.0/dist/extension
[2021-08-02 20:10:04.304] [exthost] [info] ExtensionService#_doActivateExtension Dart-Code.dart-code {"startup":false,"extensionId":{"value":"Dart-Code.dart-code","_lower":"dart-code.dart-code"},"activationEvent":"workspaceContainsTimeout:*/pubspec.yaml,*/*/pubspec.yaml,*.dart,*/*.dart,*/*/*.dart"}
[2021-08-02 20:10:04.304] [exthost] [info] ExtensionService#loadCommonJSModule file:///home/vicyos/.vscode/extensions/dart-code.dart-code-3.25.0/out/dist/extension
[2021-08-02 20:10:15.114] [exthost] [info] ExtensionService#_doActivateExtension Gruntfuggly.todo-tree {"startup":false,"extensionId":{"value":"Gruntfuggly.todo-tree","_lower":"gruntfuggly.todo-tree"},"activationEvent":"onStartupFinished"}
[2021-08-02 20:10:15.114] [exthost] [info] ExtensionService#loadCommonJSModule file:///home/vicyos/.vscode/extensions/gruntfuggly.todo-tree-0.0.213/dist/extension
[2021-08-02 20:11:03.396] [exthost] [info] ExtensionService#_doActivateExtension vscode.configuration-editing {"startup":false,"extensionId":{"value":"vscode.configuration-editing","_lower":"vscode.configuration-editing"},"activationEvent":"onLanguage:jsonc"}
[2021-08-02 20:11:03.397] [exthost] [info] ExtensionService#loadCommonJSModule file:///usr/share/code/resources/app/extensions/configuration-editing/dist/configurationEditingMain
[2021-08-02 20:11:03.761] [exthost] [info] ExtensionService#_doActivateExtension vscode.json-language-features {"startup":false,"extensionId":{"value":"vscode.json-language-features","_lower":"vscode.json-language-features"},"activationEvent":"onLanguage:jsonc"}
[2021-08-02 20:11:03.761] [exthost] [info] ExtensionService#loadCommonJSModule file:///usr/share/code/resources/app/extensions/json-language-features/client/dist/node/jsonClientMain
[2021-08-02 20:11:04.143] [exthost] [info] ExtensionService#_doActivateExtension vscode.typescript-language-features {"startup":false,"extensionId":{"value":"vscode.typescript-language-features","_lower":"vscode.typescript-language-features"},"activationEvent":"onLanguage:jsonc"}
[2021-08-02 20:11:04.143] [exthost] [info] ExtensionService#loadCommonJSModule file:///usr/share/code/resources/app/extensions/typescript-language-features/dist/extension
[2021-08-02 20:11:13.472] [exthost] [info] ExtensionService#_doActivateExtension vscode.extension-editing {"startup":false,"extensionId":{"value":"vscode.extension-editing","_lower":"vscode.extension-editing"},"activationEvent":"onLanguage:json"}
[2021-08-02 20:11:13.472] [exthost] [info] ExtensionService#loadCommonJSModule file:///usr/share/code/resources/app/extensions/extension-editing/dist/extensionEditingMain
[2021-08-02 20:11:14.075] [exthost] [info] ExtensionService#_doActivateExtension vscode.npm {"startup":false,"extensionId":{"value":"vscode.npm","_lower":"vscode.npm"},"activationEvent":"onLanguage:json"}
[2021-08-02 20:11:14.075] [exthost] [info] ExtensionService#loadCommonJSModule file:///usr/share/code/resources/app/extensions/npm/dist/npmMain
[2021-08-02 20:14:12.895] [exthost] [info] extension host terminating: renderer closed the socket
[2021-08-02 20:14:12.906] [exthost] [error] Error: Encountered errors while disposing of store. Errors: [TypeError: t.dispose is not a function, TypeError: t.dispose is not a function]
	at Object.P [as dispose] (/usr/share/code/resources/app/out/vs/workbench/services/extensions/node/extensionHostProcess.js:14:4769)
	at u._deactivate (/usr/share/code/resources/app/out/vs/workbench/services/extensions/node/extensionHostProcess.js:89:11367)
	at /usr/share/code/resources/app/out/vs/workbench/services/extensions/node/extensionHostProcess.js:89:9957
	at Array.map (<anonymous>)
	at u.deactivateAll (/usr/share/code/resources/app/out/vs/workbench/services/extensions/node/extensionHostProcess.js:89:9945)
	at b.terminate (/usr/share/code/resources/app/out/vs/workbench/services/extensions/node/extensionHostProcess.js:93:723)
	at c (/usr/share/code/resources/app/out/vs/workbench/services/extensions/node/extensionHostProcess.js:103:31826)
	at Socket.<anonymous> (/usr/share/code/resources/app/out/vs/workbench/services/extensions/node/extensionHostProcess.js:103:29511)
	at Socket.emit (events.js:327:22)
	at Pipe.<anonymous> (net.js:673:12)
[2021-08-02 20:14:12.942] [exthost] [error] ProxyResolver#resolveProxy Canceled: Canceled
	at Object.n [as canceled] (/usr/share/code/resources/app/out/vs/workbench/services/extensions/node/extensionHostProcess.js:5:1157)
	at c._remoteCall (/usr/share/code/resources/app/out/vs/workbench/services/extensions/node/extensionHostProcess.js:88:12817)
	at Proxy._.<computed>.D.charCodeAt._.<computed> (/usr/share/code/resources/app/out/vs/workbench/services/extensions/node/extensionHostProcess.js:88:9349)
	at D.resolveProxy (/usr/share/code/resources/app/out/vs/workbench/services/extensions/node/extensionHostProcess.js:88:36547)
	at Object.resolveProxy (/usr/share/code/resources/app/out/vs/workbench/services/extensions/node/extensionHostProcess.js:93:57068)
	at useProxySettings (/usr/share/code/resources/app/node_modules.asar/vscode-proxy-agent/out/index.js:159:16)
	at /usr/share/code/resources/app/node_modules.asar/vscode-proxy-agent/out/index.js:107:13
	at /usr/share/code/resources/app/node_modules.asar/vscode-proxy-agent/out/index.js:335:13
	at processTicksAndRejections (internal/process/task_queues.js:93:5) 
[2021-08-02 20:14:13.907] [exthost] [info] exiting with code 0
